Writing new restart file 'dakota.rst'.

>>>>> Executing environment.

>>>>> Running random_sampling iterator.

NonD lhs Samples = 10 Seed (user-specified) = 1

NonD lhs Samples = 10 Seed not reset from previous LHS execution

------------------------------
Begin INTERFACE Evaluation    1
------------------------------
Parameters for evaluation 1:
                     -1.3039992565e-03 PUMPB
                      1.4459845698e+02 PUMPC
                      6.7880049791e+01 HR
                      2.3293216230e-01 EF
                      1.1000000000e+00 DENSI
                      3.7200000000e-02 VISCO
                      0.0000000000e+00 PUMPA
                      1.0000000000e+04 LAP
                      1.7000000000e+03 AORP
                      1.2000000000e-03 AOC
                      1.0000000000e+02 AORS

(Asynchronous job 1 added to INTERFACE queue)

------------------------------
Begin INTERFACE Evaluation    2
------------------------------
Parameters for evaluation 2:
                     -1.3044383772e-03 PUMPB
                      1.6764754955e+02 PUMPC
                      6.6839375358e+01 HR
                      2.0095005703e-01 EF
                      1.1000000000e+00 DENSI
                      3.7200000000e-02 VISCO
                      0.0000000000e+00 PUMPA
                      1.0000000000e+04 LAP
                      1.7000000000e+03 AORP
                      1.2000000000e-03 AOC
                      1.0000000000e+02 AORS

(Asynchronous job 2 added to INTERFACE queue)

------------------------------
Begin INTERFACE Evaluation    3
------------------------------
Parameters for evaluation 3:
                     -1.2699654217e-03 PUMPB
                      1.4222231140e+02 PUMPC
                      6.8728765232e+01 HR
                      2.2189507371e-01 EF
                      1.1000000000e+00 DENSI
                      3.7200000000e-02 VISCO
                      0.0000000000e+00 PUMPA
                      1.0000000000e+04 LAP
                      1.7000000000e+03 AORP
                      1.2000000000e-03 AOC
                      1.0000000000e+02 AORS

(Asynchronous job 3 added to INTERFACE queue)

------------------------------
Begin INTERFACE Evaluation    4
------------------------------
Parameters for evaluation 4:
                     -1.3123178908e-03 PUMPB
                      1.4821422342e+02 PUMPC
                      7.0498760503e+01 HR
                      2.1805823524e-01 EF
                      1.1000000000e+00 DENSI
                      3.7200000000e-02 VISCO
                      0.0000000000e+00 PUMPA
                      1.0000000000e+04 LAP
                      1.7000000000e+03 AORP
                      1.2000000000e-03 AOC
                      1.0000000000e+02 AORS

(Asynchronous job 4 added to INTERFACE queue)

------------------------------
Begin INTERFACE Evaluation    5
------------------------------
Parameters for evaluation 5:
                     -1.3272893570e-03 PUMPB
                      1.6189803707e+02 PUMPC
                      7.1531073526e+01 HR
                      2.2501770252e-01 EF
                      1.1000000000e+00 DENSI
                      3.7200000000e-02 VISCO
                      0.0000000000e+00 PUMPA
                      1.0000000000e+04 LAP
                      1.7000000000e+03 AORP
                      1.2000000000e-03 AOC
                      1.0000000000e+02 AORS

(Asynchronous job 5 added to INTERFACE queue)

------------------------------
Begin INTERFACE Evaluation    6
------------------------------
Parameters for evaluation 6:
                     -1.3170182987e-03 PUMPB
                      1.3829784683e+02 PUMPC
                      6.5899592356e+01 HR
                      2.0863614114e-01 EF
                      1.1000000000e+00 DENSI
                      3.7200000000e-02 VISCO
                      0.0000000000e+00 PUMPA
                      1.0000000000e+04 LAP
                      1.7000000000e+03 AORP
                      1.2000000000e-03 AOC
                      1.0000000000e+02 AORS

(Asynchronous job 6 added to INTERFACE queue)

------------------------------
Begin INTERFACE Evaluation    7
------------------------------
Parameters for evaluation 7:
                     -1.2966671911e-03 PUMPB
                      1.5109579222e+02 PUMPC
                      6.9952260396e+01 HR
                      2.1321170116e-01 EF
                      1.1000000000e+00 DENSI
                      3.7200000000e-02 VISCO
                      0.0000000000e+00 PUMPA
                      1.0000000000e+04 LAP
                      1.7000000000e+03 AORP
                      1.2000000000e-03 AOC
                      1.0000000000e+02 AORS

(Asynchronous job 7 added to INTERFACE queue)

------------------------------
Begin INTERFACE Evaluation    8
------------------------------
Parameters for evaluation 8:
                     -1.2780062366e-03 PUMPB
                      1.5508026584e+02 PUMPC
                      6.5287148246e+01 HR
                      2.4102491264e-01 EF
                      1.1000000000e+00 DENSI
                      3.7200000000e-02 VISCO
                      0.0000000000e+00 PUMPA
                      1.0000000000e+04 LAP
                      1.7000000000e+03 AORP
                      1.2000000000e-03 AOC
                      1.0000000000e+02 AORS

(Asynchronous job 8 added to INTERFACE queue)

------------------------------
Begin INTERFACE Evaluation    9
------------------------------
Parameters for evaluation 9:
                     -1.2890348383e-03 PUMPB
                      1.6371329955e+02 PUMPC
                      6.7414315491e+01 HR
                      2.3407164653e-01 EF
                      1.1000000000e+00 DENSI
                      3.7200000000e-02 VISCO
                      0.0000000000e+00 PUMPA
                      1.0000000000e+04 LAP
                      1.7000000000e+03 AORP
                      1.2000000000e-03 AOC
                      1.0000000000e+02 AORS

(Asynchronous job 9 added to INTERFACE queue)

------------------------------
Begin INTERFACE Evaluation   10
------------------------------
Parameters for evaluation 10:
                     -1.2770460867e-03 PUMPB
                      1.5726787331e+02 PUMPC
                      6.9711510444e+01 HR
                      2.0642143290e-01 EF
                      1.1000000000e+00 DENSI
                      3.7200000000e-02 VISCO
                      0.0000000000e+00 PUMPA
                      1.0000000000e+04 LAP
                      1.7000000000e+03 AORP
                      1.2000000000e-03 AOC
                      1.0000000000e+02 AORS

(Asynchronous job 10 added to INTERFACE queue)

------------------------------
Begin INTERFACE Evaluation   11
------------------------------
Parameters for evaluation 11:
                     -1.2825597806e-03 PUMPB
                      1.4039494151e+02 PUMPC
                      6.5766850975e+01 HR
                      2.3150132860e-01 EF
                      1.1000000000e+00 DENSI
                      3.7200000000e-02 VISCO
                      0.0000000000e+00 PUMPA
                      1.0000000000e+04 LAP
                      1.7000000000e+03 AORP
                      1.2000000000e-03 AOC
                      1.0000000000e+02 AORS

(Asynchronous job 11 added to INTERFACE queue)

------------------------------
Begin INTERFACE Evaluation   12
------------------------------
Parameters for evaluation 12:
                     -1.3064438051e-03 PUMPB
                      1.4169737277e+02 PUMPC
                      7.0624965256e+01 HR
                      2.4180875690e-01 EF
                      1.1000000000e+00 DENSI
                      3.7200000000e-02 VISCO
                      0.0000000000e+00 PUMPA
                      1.0000000000e+04 LAP
                      1.7000000000e+03 AORP
                      1.2000000000e-03 AOC
                      1.0000000000e+02 AORS

(Asynchronous job 12 added to INTERFACE queue)

------------------------------
Begin INTERFACE Evaluation   13
------------------------------
Parameters for evaluation 13:
                     -1.2975724029e-03 PUMPB
                      1.4726775280e+02 PUMPC
                      6.7414487577e+01 HR
                      2.0896292191e-01 EF
                      1.1000000000e+00 DENSI
                      3.7200000000e-02 VISCO
                      0.0000000000e+00 PUMPA
                      1.0000000000e+04 LAP
                      1.7000000000e+03 AORP
                      1.2000000000e-03 AOC
                      1.0000000000e+02 AORS

(Asynchronous job 13 added to INTERFACE queue)

------------------------------
Begin INTERFACE Evaluation   14
------------------------------
Parameters for evaluation 14:
                     -1.2861369233e-03 PUMPB
                      1.4434860707e+02 PUMPC
                      7.0423050014e+01 HR
                      1.9916840529e-01 EF
                      1.1000000000e+00 DENSI
                      3.7200000000e-02 VISCO
                      0.0000000000e+00 PUMPA
                      1.0000000000e+04 LAP
                      1.7000000000e+03 AORP
                      1.2000000000e-03 AOC
                      1.0000000000e+02 AORS

(Asynchronous job 14 added to INTERFACE queue)

------------------------------
Begin INTERFACE Evaluation   15
------------------------------
Parameters for evaluation 15:
                     -1.2761771141e-03 PUMPB
                      1.5880796387e+02 PUMPC
                      6.6459069570e+01 HR
                      2.2249001293e-01 EF
                      1.1000000000e+00 DENSI
                      3.7200000000e-02 VISCO
                      0.0000000000e+00 PUMPA
                      1.0000000000e+04 LAP
                      1.7000000000e+03 AORP
                      1.2000000000e-03 AOC
                      1.0000000000e+02 AORS

(Asynchronous job 15 added to INTERFACE queue)

------------------------------
Begin INTERFACE Evaluation   16
------------------------------
Parameters for evaluation 16:
                     -1.3298811262e-03 PUMPB
                      1.5937238233e+02 PUMPC
                      6.7753266367e+01 HR
                      2.1377131214e-01 EF
                      1.1000000000e+00 DENSI
                      3.7200000000e-02 VISCO
                      0.0000000000e+00 PUMPA
                      1.0000000000e+04 LAP
                      1.7000000000e+03 AORP
                      1.2000000000e-03 AOC
                      1.0000000000e+02 AORS

(Asynchronous job 16 added to INTERFACE queue)

------------------------------
Begin INTERFACE Evaluation   17
------------------------------
Parameters for evaluation 17:
                     -1.3232778865e-03 PUMPB
                      1.5447693872e+02 PUMPC
                      6.5197126110e+01 HR
                      2.0371529249e-01 EF
                      1.1000000000e+00 DENSI
                      3.7200000000e-02 VISCO
                      0.0000000000e+00 PUMPA
                      1.0000000000e+04 LAP
                      1.7000000000e+03 AORP
                      1.2000000000e-03 AOC
                      1.0000000000e+02 AORS

(Asynchronous job 17 added to INTERFACE queue)

------------------------------
Begin INTERFACE Evaluation   18
------------------------------
Parameters for evaluation 18:
                     -1.2686001257e-03 PUMPB
                      1.6297548496e+02 PUMPC
                      6.8482281759e+01 HR
                      2.2692611747e-01 EF
                      1.1000000000e+00 DENSI
                      3.7200000000e-02 VISCO
                      0.0000000000e+00 PUMPA
                      1.0000000000e+04 LAP
                      1.7000000000e+03 AORP
                      1.2000000000e-03 AOC
                      1.0000000000e+02 AORS

(Asynchronous job 18 added to INTERFACE queue)

------------------------------
Begin INTERFACE Evaluation   19
------------------------------
Parameters for evaluation 19:
                     -1.3121240620e-03 PUMPB
                      1.5140371162e+02 PUMPC
                      6.9575002338e+01 HR
                      2.3384560572e-01 EF
                      1.1000000000e+00 DENSI
                      3.7200000000e-02 VISCO
                      0.0000000000e+00 PUMPA
                      1.0000000000e+04 LAP
                      1.7000000000e+03 AORP
                      1.2000000000e-03 AOC
                      1.0000000000e+02 AORS

(Asynchronous job 19 added to INTERFACE queue)

------------------------------
Begin INTERFACE Evaluation   20
------------------------------
Parameters for evaluation 20:
                     -1.2932058678e-03 PUMPB
                      1.6781924085e+02 PUMPC
                      7.1788657140e+01 HR
                      2.1583479520e-01 EF
                      1.1000000000e+00 DENSI
                      3.7200000000e-02 VISCO
                      0.0000000000e+00 PUMPA
                      1.0000000000e+04 LAP
                      1.7000000000e+03 AORP
                      1.2000000000e-03 AOC
                      1.0000000000e+02 AORS

(Asynchronous job 20 added to INTERFACE queue)

------------------------------
Begin INTERFACE Evaluation   21
------------------------------
Parameters for evaluation 21:
                     -1.3039992565e-03 PUMPB
                      1.4039494151e+02 PUMPC
                      6.5766850975e+01 HR
                      2.3150132860e-01 EF
                      1.1000000000e+00 DENSI
                      3.7200000000e-02 VISCO
                      0.0000000000e+00 PUMPA
                      1.0000000000e+04 LAP
                      1.7000000000e+03 AORP
                      1.2000000000e-03 AOC
                      1.0000000000e+02 AORS

(Asynchronous job 21 added to INTERFACE queue)

------------------------------
Begin INTERFACE Evaluation   22
------------------------------
Parameters for evaluation 22:
                     -1.3044383772e-03 PUMPB
                      1.4169737277e+02 PUMPC
                      7.0624965256e+01 HR
                      2.4180875690e-01 EF
                      1.1000000000e+00 DENSI
                      3.7200000000e-02 VISCO
                      0.0000000000e+00 PUMPA
                      1.0000000000e+04 LAP
                      1.7000000000e+03 AORP
                      1.2000000000e-03 AOC
                      1.0000000000e+02 AORS

(Asynchronous job 22 added to INTERFACE queue)

------------------------------
Begin INTERFACE Evaluation   23
------------------------------
Parameters for evaluation 23:
                     -1.2699654217e-03 PUMPB
                      1.4726775280e+02 PUMPC
                      6.7414487577e+01 HR
                      2.0896292191e-01 EF
                      1.1000000000e+00 DENSI
                      3.7200000000e-02 VISCO
                      0.0000000000e+00 PUMPA
                      1.0000000000e+04 LAP
                      1.7000000000e+03 AORP
                      1.2000000000e-03 AOC
                      1.0000000000e+02 AORS

(Asynchronous job 23 added to INTERFACE queue)

------------------------------
Begin INTERFACE Evaluation   24
------------------------------
Parameters for evaluation 24:
                     -1.3123178908e-03 PUMPB
                      1.4434860707e+02 PUMPC
                      7.0423050014e+01 HR
                      1.9916840529e-01 EF
                      1.1000000000e+00 DENSI
                      3.7200000000e-02 VISCO
                      0.0000000000e+00 PUMPA
                      1.0000000000e+04 LAP
                      1.7000000000e+03 AORP
                      1.2000000000e-03 AOC
                      1.0000000000e+02 AORS

(Asynchronous job 24 added to INTERFACE queue)

------------------------------
Begin INTERFACE Evaluation   25
------------------------------
Parameters for evaluation 25:
                     -1.3272893570e-03 PUMPB
                      1.5880796387e+02 PUMPC
                      6.6459069570e+01 HR
                      2.2249001293e-01 EF
                      1.1000000000e+00 DENSI
                      3.7200000000e-02 VISCO
                      0.0000000000e+00 PUMPA
                      1.0000000000e+04 LAP
                      1.7000000000e+03 AORP
                      1.2000000000e-03 AOC
                      1.0000000000e+02 AORS

(Asynchronous job 25 added to INTERFACE queue)

------------------------------
Begin INTERFACE Evaluation   26
------------------------------
Parameters for evaluation 26:
                     -1.3170182987e-03 PUMPB
                      1.5937238233e+02 PUMPC
                      6.7753266367e+01 HR
                      2.1377131214e-01 EF
                      1.1000000000e+00 DENSI
                      3.7200000000e-02 VISCO
                      0.0000000000e+00 PUMPA
                      1.0000000000e+04 LAP
                      1.7000000000e+03 AORP
                      1.2000000000e-03 AOC
                      1.0000000000e+02 AORS

(Asynchronous job 26 added to INTERFACE queue)

------------------------------
Begin INTERFACE Evaluation   27
------------------------------
Parameters for evaluation 27:
                     -1.2966671911e-03 PUMPB
                      1.5447693872e+02 PUMPC
                      6.5197126110e+01 HR
                      2.0371529249e-01 EF
                      1.1000000000e+00 DENSI
                      3.7200000000e-02 VISCO
                      0.0000000000e+00 PUMPA
                      1.0000000000e+04 LAP
                      1.7000000000e+03 AORP
                      1.2000000000e-03 AOC
                      1.0000000000e+02 AORS

(Asynchronous job 27 added to INTERFACE queue)

------------------------------
Begin INTERFACE Evaluation   28
------------------------------
Parameters for evaluation 28:
                     -1.2780062366e-03 PUMPB
                      1.6297548496e+02 PUMPC
                      6.8482281759e+01 HR
                      2.2692611747e-01 EF
                      1.1000000000e+00 DENSI
                      3.7200000000e-02 VISCO
                      0.0000000000e+00 PUMPA
                      1.0000000000e+04 LAP
                      1.7000000000e+03 AORP
                      1.2000000000e-03 AOC
                      1.0000000000e+02 AORS

(Asynchronous job 28 added to INTERFACE queue)

------------------------------
Begin INTERFACE Evaluation   29
------------------------------
Parameters for evaluation 29:
                     -1.2890348383e-03 PUMPB
                      1.5140371162e+02 PUMPC
                      6.9575002338e+01 HR
                      2.3384560572e-01 EF
                      1.1000000000e+00 DENSI
                      3.7200000000e-02 VISCO
                      0.0000000000e+00 PUMPA
                      1.0000000000e+04 LAP
                      1.7000000000e+03 AORP
                      1.2000000000e-03 AOC
                      1.0000000000e+02 AORS

(Asynchronous job 29 added to INTERFACE queue)

------------------------------
Begin INTERFACE Evaluation   30
------------------------------
Parameters for evaluation 30:
                     -1.2770460867e-03 PUMPB
                      1.6781924085e+02 PUMPC
                      7.1788657140e+01 HR
                      2.1583479520e-01 EF
                      1.1000000000e+00 DENSI
                      3.7200000000e-02 VISCO
                      0.0000000000e+00 PUMPA
                      1.0000000000e+04 LAP
                      1.7000000000e+03 AORP
                      1.2000000000e-03 AOC
                      1.0000000000e+02 AORS

(Asynchronous job 30 added to INTERFACE queue)

------------------------------
Begin INTERFACE Evaluation   31
------------------------------
Parameters for evaluation 31:
                     -1.2825597806e-03 PUMPB
                      1.4459845698e+02 PUMPC
                      6.5766850975e+01 HR
                      2.3150132860e-01 EF
                      1.1000000000e+00 DENSI
                      3.7200000000e-02 VISCO
                      0.0000000000e+00 PUMPA
                      1.0000000000e+04 LAP
                      1.7000000000e+03 AORP
                      1.2000000000e-03 AOC
                      1.0000000000e+02 AORS

(Asynchronous job 31 added to INTERFACE queue)

------------------------------
Begin INTERFACE Evaluation   32
------------------------------
Parameters for evaluation 32:
                     -1.3064438051e-03 PUMPB
                      1.6764754955e+02 PUMPC
                      7.0624965256e+01 HR
                      2.4180875690e-01 EF
                      1.1000000000e+00 DENSI
                      3.7200000000e-02 VISCO
                      0.0000000000e+00 PUMPA
                      1.0000000000e+04 LAP
                      1.7000000000e+03 AORP
                      1.2000000000e-03 AOC
                      1.0000000000e+02 AORS

(Asynchronous job 32 added to INTERFACE queue)

------------------------------
Begin INTERFACE Evaluation   33
------------------------------
Parameters for evaluation 33:
                     -1.2975724029e-03 PUMPB
                      1.4222231140e+02 PUMPC
                      6.7414487577e+01 HR
                      2.0896292191e-01 EF
                      1.1000000000e+00 DENSI
                      3.7200000000e-02 VISCO
                      0.0000000000e+00 PUMPA
                      1.0000000000e+04 LAP
                      1.7000000000e+03 AORP
                      1.2000000000e-03 AOC
                      1.0000000000e+02 AORS

(Asynchronous job 33 added to INTERFACE queue)

------------------------------
Begin INTERFACE Evaluation   34
------------------------------
Parameters for evaluation 34:
                     -1.2861369233e-03 PUMPB
                      1.4821422342e+02 PUMPC
                      7.0423050014e+01 HR
                      1.9916840529e-01 EF
                      1.1000000000e+00 DENSI
                      3.7200000000e-02 VISCO
                      0.0000000000e+00 PUMPA
                      1.0000000000e+04 LAP
                      1.7000000000e+03 AORP
                      1.2000000000e-03 AOC
                      1.0000000000e+02 AORS

(Asynchronous job 34 added to INTERFACE queue)

------------------------------
Begin INTERFACE Evaluation   35
------------------------------
Parameters for evaluation 35:
                     -1.2761771141e-03 PUMPB
                      1.6189803707e+02 PUMPC
                      6.6459069570e+01 HR
                      2.2249001293e-01 EF
                      1.1000000000e+00 DENSI
                      3.7200000000e-02 VISCO
                      0.0000000000e+00 PUMPA
                      1.0000000000e+04 LAP
                      1.7000000000e+03 AORP
                      1.2000000000e-03 AOC
                      1.0000000000e+02 AORS

(Asynchronous job 35 added to INTERFACE queue)

------------------------------
Begin INTERFACE Evaluation   36
------------------------------
Parameters for evaluation 36:
                     -1.3298811262e-03 PUMPB
                      1.3829784683e+02 PUMPC
                      6.7753266367e+01 HR
                      2.1377131214e-01 EF
                      1.1000000000e+00 DENSI
                      3.7200000000e-02 VISCO
                      0.0000000000e+00 PUMPA
                      1.0000000000e+04 LAP
                      1.7000000000e+03 AORP
                      1.2000000000e-03 AOC
                      1.0000000000e+02 AORS

(Asynchronous job 36 added to INTERFACE queue)

------------------------------
Begin INTERFACE Evaluation   37
------------------------------
Parameters for evaluation 37:
                     -1.3232778865e-03 PUMPB
                      1.5109579222e+02 PUMPC
                      6.5197126110e+01 HR
                      2.0371529249e-01 EF
                      1.1000000000e+00 DENSI
                      3.7200000000e-02 VISCO
                      0.0000000000e+00 PUMPA
                      1.0000000000e+04 LAP
                      1.7000000000e+03 AORP
                      1.2000000000e-03 AOC
                      1.0000000000e+02 AORS

(Asynchronous job 37 added to INTERFACE queue)

------------------------------
Begin INTERFACE Evaluation   38
------------------------------
Parameters for evaluation 38:
                     -1.2686001257e-03 PUMPB
                      1.5508026584e+02 PUMPC
                      6.8482281759e+01 HR
                      2.2692611747e-01 EF
                      1.1000000000e+00 DENSI
                      3.7200000000e-02 VISCO
                      0.0000000000e+00 PUMPA
                      1.0000000000e+04 LAP
                      1.7000000000e+03 AORP
                      1.2000000000e-03 AOC
                      1.0000000000e+02 AORS

(Asynchronous job 38 added to INTERFACE queue)

------------------------------
Begin INTERFACE Evaluation   39
------------------------------
Parameters for evaluation 39:
                     -1.3121240620e-03 PUMPB
                      1.6371329955e+02 PUMPC
                      6.9575002338e+01 HR
                      2.3384560572e-01 EF
                      1.1000000000e+00 DENSI
                      3.7200000000e-02 VISCO
                      0.0000000000e+00 PUMPA
                      1.0000000000e+04 LAP
                      1.7000000000e+03 AORP
                      1.2000000000e-03 AOC
                      1.0000000000e+02 AORS

(Asynchronous job 39 added to INTERFACE queue)

------------------------------
Begin INTERFACE Evaluation   40
------------------------------
Parameters for evaluation 40:
                     -1.2932058678e-03 PUMPB
                      1.5726787331e+02 PUMPC
                      7.1788657140e+01 HR
                      2.1583479520e-01 EF
                      1.1000000000e+00 DENSI
                      3.7200000000e-02 VISCO
                      0.0000000000e+00 PUMPA
                      1.0000000000e+04 LAP
                      1.7000000000e+03 AORP
                      1.2000000000e-03 AOC
                      1.0000000000e+02 AORS

(Asynchronous job 40 added to INTERFACE queue)

------------------------------
Begin INTERFACE Evaluation   41
------------------------------
Parameters for evaluation 41:
                     -1.2825597806e-03 PUMPB
                      1.4039494151e+02 PUMPC
                      6.7880049791e+01 HR
                      2.3150132860e-01 EF
                      1.1000000000e+00 DENSI
                      3.7200000000e-02 VISCO
                      0.0000000000e+00 PUMPA
                      1.0000000000e+04 LAP
                      1.7000000000e+03 AORP
                      1.2000000000e-03 AOC
                      1.0000000000e+02 AORS

(Asynchronous job 41 added to INTERFACE queue)

------------------------------
Begin INTERFACE Evaluation   42
------------------------------
Parameters for evaluation 42:
                     -1.3064438051e-03 PUMPB
                      1.4169737277e+02 PUMPC
                      6.6839375358e+01 HR
                      2.4180875690e-01 EF
                      1.1000000000e+00 DENSI
                      3.7200000000e-02 VISCO
                      0.0000000000e+00 PUMPA
                      1.0000000000e+04 LAP
                      1.7000000000e+03 AORP
                      1.2000000000e-03 AOC
                      1.0000000000e+02 AORS

(Asynchronous job 42 added to INTERFACE queue)

------------------------------
Begin INTERFACE Evaluation   43
------------------------------
Parameters for evaluation 43:
                     -1.2975724029e-03 PUMPB
                      1.4726775280e+02 PUMPC
                      6.8728765232e+01 HR
                      2.0896292191e-01 EF
                      1.1000000000e+00 DENSI
                      3.7200000000e-02 VISCO
                      0.0000000000e+00 PUMPA
                      1.0000000000e+04 LAP
                      1.7000000000e+03 AORP
                      1.2000000000e-03 AOC
                      1.0000000000e+02 AORS

(Asynchronous job 43 added to INTERFACE queue)

------------------------------
Begin INTERFACE Evaluation   44
------------------------------
Parameters for evaluation 44:
                     -1.2861369233e-03 PUMPB
                      1.4434860707e+02 PUMPC
                      7.0498760503e+01 HR
                      1.9916840529e-01 EF
                      1.1000000000e+00 DENSI
                      3.7200000000e-02 VISCO
                      0.0000000000e+00 PUMPA
                      1.0000000000e+04 LAP
                      1.7000000000e+03 AORP
                      1.2000000000e-03 AOC
                      1.0000000000e+02 AORS

(Asynchronous job 44 added to INTERFACE queue)

------------------------------
Begin INTERFACE Evaluation   45
------------------------------
Parameters for evaluation 45:
                     -1.2761771141e-03 PUMPB
                      1.5880796387e+02 PUMPC
                      7.1531073526e+01 HR
                      2.2249001293e-01 EF
                      1.1000000000e+00 DENSI
                      3.7200000000e-02 VISCO
                      0.0000000000e+00 PUMPA
                      1.0000000000e+04 LAP
                      1.7000000000e+03 AORP
                      1.2000000000e-03 AOC
                      1.0000000000e+02 AORS

(Asynchronous job 45 added to INTERFACE queue)

------------------------------
Begin INTERFACE Evaluation   46
------------------------------
Parameters for evaluation 46:
                     -1.3298811262e-03 PUMPB
                      1.5937238233e+02 PUMPC
                      6.5899592356e+01 HR
                      2.1377131214e-01 EF
                      1.1000000000e+00 DENSI
                      3.7200000000e-02 VISCO
                      0.0000000000e+00 PUMPA
                      1.0000000000e+04 LAP
                      1.7000000000e+03 AORP
                      1.2000000000e-03 AOC
                      1.0000000000e+02 AORS

(Asynchronous job 46 added to INTERFACE queue)

------------------------------
Begin INTERFACE Evaluation   47
------------------------------
Parameters for evaluation 47:
                     -1.3232778865e-03 PUMPB
                      1.5447693872e+02 PUMPC
                      6.9952260396e+01 HR
                      2.0371529249e-01 EF
                      1.1000000000e+00 DENSI
                      3.7200000000e-02 VISCO
                      0.0000000000e+00 PUMPA
                      1.0000000000e+04 LAP
                      1.7000000000e+03 AORP
                      1.2000000000e-03 AOC
                      1.0000000000e+02 AORS

(Asynchronous job 47 added to INTERFACE queue)

------------------------------
Begin INTERFACE Evaluation   48
------------------------------
Parameters for evaluation 48:
                     -1.2686001257e-03 PUMPB
                      1.6297548496e+02 PUMPC
                      6.5287148246e+01 HR
                      2.2692611747e-01 EF
                      1.1000000000e+00 DENSI
                      3.7200000000e-02 VISCO
                      0.0000000000e+00 PUMPA
                      1.0000000000e+04 LAP
                      1.7000000000e+03 AORP
                      1.2000000000e-03 AOC
                      1.0000000000e+02 AORS

(Asynchronous job 48 added to INTERFACE queue)

------------------------------
Begin INTERFACE Evaluation   49
------------------------------
Parameters for evaluation 49:
                     -1.3121240620e-03 PUMPB
                      1.5140371162e+02 PUMPC
                      6.7414315491e+01 HR
                      2.3384560572e-01 EF
                      1.1000000000e+00 DENSI
                      3.7200000000e-02 VISCO
                      0.0000000000e+00 PUMPA
                      1.0000000000e+04 LAP
                      1.7000000000e+03 AORP
                      1.2000000000e-03 AOC
                      1.0000000000e+02 AORS

(Asynchronous job 49 added to INTERFACE queue)

------------------------------
Begin INTERFACE Evaluation   50
------------------------------
Parameters for evaluation 50:
                     -1.2932058678e-03 PUMPB
                      1.6781924085e+02 PUMPC
                      6.9711510444e+01 HR
                      2.1583479520e-01 EF
                      1.1000000000e+00 DENSI
                      3.7200000000e-02 VISCO
                      0.0000000000e+00 PUMPA
                      1.0000000000e+04 LAP
                      1.7000000000e+03 AORP
                      1.2000000000e-03 AOC
                      1.0000000000e+02 AORS

(Asynchronous job 50 added to INTERFACE queue)

------------------------------
Begin INTERFACE Evaluation   51
------------------------------
Parameters for evaluation 51:
                     -1.2825597806e-03 PUMPB
                      1.4039494151e+02 PUMPC
                      6.5766850975e+01 HR
                      2.3293216230e-01 EF
                      1.1000000000e+00 DENSI
                      3.7200000000e-02 VISCO
                      0.0000000000e+00 PUMPA
                      1.0000000000e+04 LAP
                      1.7000000000e+03 AORP
                      1.2000000000e-03 AOC
                      1.0000000000e+02 AORS

(Asynchronous job 51 added to INTERFACE queue)

------------------------------
Begin INTERFACE Evaluation   52
------------------------------
Parameters for evaluation 52:
                     -1.3064438051e-03 PUMPB
                      1.4169737277e+02 PUMPC
                      7.0624965256e+01 HR
                      2.0095005703e-01 EF
                      1.1000000000e+00 DENSI
                      3.7200000000e-02 VISCO
                      0.0000000000e+00 PUMPA
                      1.0000000000e+04 LAP
                      1.7000000000e+03 AORP
                      1.2000000000e-03 AOC
                      1.0000000000e+02 AORS

(Asynchronous job 52 added to INTERFACE queue)

------------------------------
Begin INTERFACE Evaluation   53
------------------------------
Parameters for evaluation 53:
                     -1.2975724029e-03 PUMPB
                      1.4726775280e+02 PUMPC
                      6.7414487577e+01 HR
                      2.2189507371e-01 EF
                      1.1000000000e+00 DENSI
                      3.7200000000e-02 VISCO
                      0.0000000000e+00 PUMPA
                      1.0000000000e+04 LAP
                      1.7000000000e+03 AORP
                      1.2000000000e-03 AOC
                      1.0000000000e+02 AORS

(Asynchronous job 53 added to INTERFACE queue)

------------------------------
Begin INTERFACE Evaluation   54
------------------------------
Parameters for evaluation 54:
                     -1.2861369233e-03 PUMPB
                      1.4434860707e+02 PUMPC
                      7.0423050014e+01 HR
                      2.1805823524e-01 EF
                      1.1000000000e+00 DENSI
                      3.7200000000e-02 VISCO
                      0.0000000000e+00 PUMPA
                      1.0000000000e+04 LAP
                      1.7000000000e+03 AORP
                      1.2000000000e-03 AOC
                      1.0000000000e+02 AORS

(Asynchronous job 54 added to INTERFACE queue)

------------------------------
Begin INTERFACE Evaluation   55
------------------------------
Parameters for evaluation 55:
                     -1.2761771141e-03 PUMPB
                      1.5880796387e+02 PUMPC
                      6.6459069570e+01 HR
                      2.2501770252e-01 EF
                      1.1000000000e+00 DENSI
                      3.7200000000e-02 VISCO
                      0.0000000000e+00 PUMPA
                      1.0000000000e+04 LAP
                      1.7000000000e+03 AORP
                      1.2000000000e-03 AOC
                      1.0000000000e+02 AORS

(Asynchronous job 55 added to INTERFACE queue)

------------------------------
Begin INTERFACE Evaluation   56
------------------------------
Parameters for evaluation 56:
                     -1.3298811262e-03 PUMPB
                      1.5937238233e+02 PUMPC
                      6.7753266367e+01 HR
                      2.0863614114e-01 EF
                      1.1000000000e+00 DENSI
                      3.7200000000e-02 VISCO
                      0.0000000000e+00 PUMPA
                      1.0000000000e+04 LAP
                      1.7000000000e+03 AORP
                      1.2000000000e-03 AOC
                      1.0000000000e+02 AORS

(Asynchronous job 56 added to INTERFACE queue)

------------------------------
Begin INTERFACE Evaluation   57
------------------------------
Parameters for evaluation 57:
                     -1.3232778865e-03 PUMPB
                      1.5447693872e+02 PUMPC
                      6.5197126110e+01 HR
                      2.1321170116e-01 EF
                      1.1000000000e+00 DENSI
                      3.7200000000e-02 VISCO
                      0.0000000000e+00 PUMPA
                      1.0000000000e+04 LAP
                      1.7000000000e+03 AORP
                      1.2000000000e-03 AOC
                      1.0000000000e+02 AORS

(Asynchronous job 57 added to INTERFACE queue)

------------------------------
Begin INTERFACE Evaluation   58
------------------------------
Parameters for evaluation 58:
                     -1.2686001257e-03 PUMPB
                      1.6297548496e+02 PUMPC
                      6.8482281759e+01 HR
                      2.4102491264e-01 EF
                      1.1000000000e+00 DENSI
                      3.7200000000e-02 VISCO
                      0.0000000000e+00 PUMPA
                      1.0000000000e+04 LAP
                      1.7000000000e+03 AORP
                      1.2000000000e-03 AOC
                      1.0000000000e+02 AORS

(Asynchronous job 58 added to INTERFACE queue)

------------------------------
Begin INTERFACE Evaluation   59
------------------------------
Parameters for evaluation 59:
                     -1.3121240620e-03 PUMPB
                      1.5140371162e+02 PUMPC
                      6.9575002338e+01 HR
                      2.3407164653e-01 EF
                      1.1000000000e+00 DENSI
                      3.7200000000e-02 VISCO
                      0.0000000000e+00 PUMPA
                      1.0000000000e+04 LAP
                      1.7000000000e+03 AORP
                      1.2000000000e-03 AOC
                      1.0000000000e+02 AORS

(Asynchronous job 59 added to INTERFACE queue)

------------------------------
Begin INTERFACE Evaluation   60
------------------------------
Parameters for evaluation 60:
                     -1.2932058678e-03 PUMPB
                      1.6781924085e+02 PUMPC
                      7.1788657140e+01 HR
                      2.0642143290e-01 EF
                      1.1000000000e+00 DENSI
                      3.7200000000e-02 VISCO
                      0.0000000000e+00 PUMPA
                      1.0000000000e+04 LAP
                      1.7000000000e+03 AORP
                      1.2000000000e-03 AOC
                      1.0000000000e+02 AORS

(Asynchronous job 60 added to INTERFACE queue)

Blocking synchronize of 60 asynchronous INTERFACE evaluations
First pass: initiating 30 local asynchronous jobs
Initiating INTERFACE evaluation 1
nonblocking fork: python dare.py params.1 results.1
Initiating INTERFACE evaluation 2
nonblocking fork: python dare.py params.2 results.2
Initiating INTERFACE evaluation 3
nonblocking fork: python dare.py params.3 results.3
Initiating INTERFACE evaluation 4
nonblocking fork: python dare.py params.4 results.4
Initiating INTERFACE evaluation 5
nonblocking fork: python dare.py params.5 results.5
Initiating INTERFACE evaluation 6
nonblocking fork: python dare.py params.6 results.6
Initiating INTERFACE evaluation 7
nonblocking fork: python dare.py params.7 results.7
Initiating INTERFACE evaluation 8
nonblocking fork: python dare.py params.8 results.8
Initiating INTERFACE evaluation 9
nonblocking fork: python dare.py params.9 results.9
Initiating INTERFACE evaluation 10
nonblocking fork: python dare.py params.10 results.10
Initiating INTERFACE evaluation 11
nonblocking fork: python dare.py params.11 results.11
Initiating INTERFACE evaluation 12
nonblocking fork: python dare.py params.12 results.12
Initiating INTERFACE evaluation 13
nonblocking fork: python dare.py params.13 results.13
Initiating INTERFACE evaluation 14
nonblocking fork: python dare.py params.14 results.14
Initiating INTERFACE evaluation 15
nonblocking fork: python dare.py params.15 results.15
Initiating INTERFACE evaluation 16
nonblocking fork: python dare.py params.16 results.16
Initiating INTERFACE evaluation 17
nonblocking fork: python dare.py params.17 results.17
Initiating INTERFACE evaluation 18
nonblocking fork: python dare.py params.18 results.18
Initiating INTERFACE evaluation 19
nonblocking fork: python dare.py params.19 results.19
Initiating INTERFACE evaluation 20
nonblocking fork: python dare.py params.20 results.20
Initiating INTERFACE evaluation 21
nonblocking fork: python dare.py params.21 results.21
Initiating INTERFACE evaluation 22
nonblocking fork: python dare.py params.22 results.22
Initiating INTERFACE evaluation 23
nonblocking fork: python dare.py params.23 results.23
Initiating INTERFACE evaluation 24
nonblocking fork: python dare.py params.24 results.24
Initiating INTERFACE evaluation 25
nonblocking fork: python dare.py params.25 results.25
Initiating INTERFACE evaluation 26
nonblocking fork: python dare.py params.26 results.26
Initiating INTERFACE evaluation 27
nonblocking fork: python dare.py params.27 results.27
Initiating INTERFACE evaluation 28
nonblocking fork: python dare.py params.28 results.28
Initiating INTERFACE evaluation 29
nonblocking fork: python dare.py params.29 results.29
Initiating INTERFACE evaluation 30
nonblocking fork: python dare.py params.30 results.30
Second pass: scheduling 30 remaining local asynchronous jobs
Waiting on completed jobs
INTERFACE evaluation 30 has completed
Initiating INTERFACE evaluation 31
nonblocking fork: python dare.py params.31 results.31
Waiting on completed jobs
INTERFACE evaluation 27 has completed
Initiating INTERFACE evaluation 32
nonblocking fork: python dare.py params.32 results.32
Waiting on completed jobs
INTERFACE evaluation 26 has completed
Initiating INTERFACE evaluation 33
nonblocking fork: python dare.py params.33 results.33
Waiting on completed jobs
INTERFACE evaluation 9 has completed
Initiating INTERFACE evaluation 34
nonblocking fork: python dare.py params.34 results.34
Waiting on completed jobs
INTERFACE evaluation 15 has completed
Initiating INTERFACE evaluation 35
nonblocking fork: python dare.py params.35 results.35
Waiting on completed jobs
INTERFACE evaluation 8 has completed
Initiating INTERFACE evaluation 36
nonblocking fork: python dare.py params.36 results.36
Waiting on completed jobs
INTERFACE evaluation 10 has completed
Initiating INTERFACE evaluation 37
nonblocking fork: python dare.py params.37 results.37
Waiting on completed jobs
INTERFACE evaluation 22 has completed
Initiating INTERFACE evaluation 38
nonblocking fork: python dare.py params.38 results.38
Waiting on completed jobs
INTERFACE evaluation 23 has completed
Initiating INTERFACE evaluation 39
nonblocking fork: python dare.py params.39 results.39
Waiting on completed jobs
INTERFACE evaluation 3 has completed
Initiating INTERFACE evaluation 40
nonblocking fork: python dare.py params.40 results.40
Waiting on completed jobs
INTERFACE evaluation 2 has completed
Initiating INTERFACE evaluation 41
nonblocking fork: python dare.py params.41 results.41
Waiting on completed jobs
INTERFACE evaluation 25 has completed
Initiating INTERFACE evaluation 42
nonblocking fork: python dare.py params.42 results.42
Waiting on completed jobs
INTERFACE evaluation 16 has completed
Initiating INTERFACE evaluation 43
nonblocking fork: python dare.py params.43 results.43
Waiting on completed jobs
INTERFACE evaluation 20 has completed
Initiating INTERFACE evaluation 44
nonblocking fork: python dare.py params.44 results.44
Waiting on completed jobs
INTERFACE evaluation 5 has completed
Initiating INTERFACE evaluation 45
nonblocking fork: python dare.py params.45 results.45
Waiting on completed jobs
INTERFACE evaluation 7 has completed
Initiating INTERFACE evaluation 46
nonblocking fork: python dare.py params.46 results.46
Waiting on completed jobs
INTERFACE evaluation 18 has completed
Initiating INTERFACE evaluation 47
nonblocking fork: python dare.py params.47 results.47
Waiting on completed jobs
INTERFACE evaluation 17 has completed
Initiating INTERFACE evaluation 48
nonblocking fork: python dare.py params.48 results.48
Waiting on completed jobs
INTERFACE evaluation 24 has completed
Initiating INTERFACE evaluation 49
nonblocking fork: python dare.py params.49 results.49
Waiting on completed jobs
INTERFACE evaluation 28 has completed
Initiating INTERFACE evaluation 50
nonblocking fork: python dare.py params.50 results.50
Waiting on completed jobs
INTERFACE evaluation 29 has completed
Initiating INTERFACE evaluation 51
nonblocking fork: python dare.py params.51 results.51
Waiting on completed jobs
INTERFACE evaluation 19 has completed
Initiating INTERFACE evaluation 52
nonblocking fork: python dare.py params.52 results.52
Waiting on completed jobs
INTERFACE evaluation 14 has completed
Initiating INTERFACE evaluation 53
nonblocking fork: python dare.py params.53 results.53
Waiting on completed jobs
INTERFACE evaluation 32 has completed
Initiating INTERFACE evaluation 54
nonblocking fork: python dare.py params.54 results.54
Waiting on completed jobs
INTERFACE evaluation 13 has completed
Initiating INTERFACE evaluation 55
nonblocking fork: python dare.py params.55 results.55
Waiting on completed jobs
INTERFACE evaluation 11 has completed
Initiating INTERFACE evaluation 56
nonblocking fork: python dare.py params.56 results.56
Waiting on completed jobs
INTERFACE evaluation 21 has completed
Initiating INTERFACE evaluation 57
nonblocking fork: python dare.py params.57 results.57
Waiting on completed jobs
INTERFACE evaluation 12 has completed
Initiating INTERFACE evaluation 58
nonblocking fork: python dare.py params.58 results.58
Waiting on completed jobs
INTERFACE evaluation 4 has completed
Initiating INTERFACE evaluation 59
nonblocking fork: python dare.py params.59 results.59
Waiting on completed jobs
INTERFACE evaluation 1 has completed
Initiating INTERFACE evaluation 60
nonblocking fork: python dare.py params.60 results.60
Waiting on completed jobs
INTERFACE evaluation 34 has completed
Waiting on completed jobs
INTERFACE evaluation 31 has completed
Waiting on completed jobs
INTERFACE evaluation 6 has completed
Waiting on completed jobs
INTERFACE evaluation 33 has completed
Waiting on completed jobs
INTERFACE evaluation 37 has completed
Waiting on completed jobs
INTERFACE evaluation 35 has completed
Waiting on completed jobs
INTERFACE evaluation 38 has completed
Waiting on completed jobs
INTERFACE evaluation 39 has completed
Waiting on completed jobs
INTERFACE evaluation 40 has completed
Waiting on completed jobs
INTERFACE evaluation 36 has completed
Waiting on completed jobs
INTERFACE evaluation 46 has completed
Waiting on completed jobs
INTERFACE evaluation 45 has completed
Waiting on completed jobs
INTERFACE evaluation 43 has completed
Waiting on completed jobs
INTERFACE evaluation 44 has completed
Waiting on completed jobs
INTERFACE evaluation 42 has completed
Waiting on completed jobs
INTERFACE evaluation 41 has completed
Waiting on completed jobs
INTERFACE evaluation 48 has completed
Waiting on completed jobs
INTERFACE evaluation 50 has completed
Waiting on completed jobs
INTERFACE evaluation 55 has completed
Waiting on completed jobs
INTERFACE evaluation 60 has completed
Waiting on completed jobs
INTERFACE evaluation 56 has completed
Waiting on completed jobs
INTERFACE evaluation 57 has completed
Waiting on completed jobs
INTERFACE evaluation 58 has completed
Waiting on completed jobs
INTERFACE evaluation 47 has completed
Waiting on completed jobs
INTERFACE evaluation 49 has completed
Waiting on completed jobs
INTERFACE evaluation 53 has completed
Waiting on completed jobs
INTERFACE evaluation 59 has completed
Waiting on completed jobs
INTERFACE evaluation 54 has completed
Waiting on completed jobs
INTERFACE evaluation 52 has completed
Waiting on completed jobs
INTERFACE evaluation 51 has completed

Active response data for INTERFACE evaluation 1:
Active set vector = { 1 1 1 1 1 1 1 }
                      7.0946635599e+00 AVGFAO
                      1.6335335000e+02 MXFAO
                      3.6262387193e+01 AVGFLVAD
                      1.0404980000e+02 MXFLVAD
                     -4.3644388679e+01 AVGFM
                     -3.4370250000e+02 MXFM
                      8.3636655546e-01 QRAT


Active response data for INTERFACE evaluation 2:
Active set vector = { 1 1 1 1 1 1 1 }
                      6.6157600797e+00 AVGFAO
                      1.2858647000e+02 MXFAO
                      5.3655247232e+01 AVGFLVAD
                      9.7993024000e+01 MXFLVAD
                     -6.0402290530e+01 AVGFM
                     -3.1905320000e+02 MXFM
                      8.9023312576e-01 QRAT


Active response data for INTERFACE evaluation 3:
Active set vector = { 1 1 1 1 1 1 1 }
                      6.8504028377e+00 AVGFAO
                      1.5937548000e+02 MXFAO
                      3.5191992758e+01 AVGFLVAD
                      9.4058350000e+01 MXFLVAD
                     -4.2308678436e+01 AVGFM
                     -3.2031810000e+02 MXFM
                      8.3705964561e-01 QRAT


Active response data for INTERFACE evaluation 4:
Active set vector = { 1 1 1 1 1 1 1 }
                      6.8712349509e+00 AVGFAO
                      1.5665320000e+02 MXFAO
                      3.5886450780e+01 AVGFLVAD
                      9.5857642000e+01 MXFLVAD
                     -4.3057887950e+01 AVGFM
                     -3.3117598000e+02 MXFM
                      8.3929824934e-01 QRAT


Active response data for INTERFACE evaluation 5:
Active set vector = { 1 1 1 1 1 1 1 }
                      7.1577460408e+00 AVGFAO
                      1.6777073000e+02 MXFAO
                      4.4124093817e+01 AVGFLVAD
                      1.0229315000e+02 MXFLVAD
                     -5.1511167522e+01 AVGFM
                     -3.5797165000e+02 MXFM
                      8.6042337676e-01 QRAT


Active response data for INTERFACE evaluation 6:
Active set vector = { 1 1 1 1 1 1 1 }
                      6.9975396995e+00 AVGFAO
                      1.4602450000e+02 MXFAO
                      3.1311717601e+01 AVGFLVAD
                      8.3634890000e+01 MXFLVAD
                     -3.8536002690e+01 AVGFM
                     -2.8582373000e+02 MXFM
                      8.1734076324e-01 QRAT


Active response data for INTERFACE evaluation 7:
Active set vector = { 1 1 1 1 1 1 1 }
                      6.3407111158e+00 AVGFAO
                      1.4959645000e+02 MXFAO
                      3.9177505499e+01 AVGFLVAD
                      9.6019440000e+01 MXFLVAD
                     -4.5693551299e+01 AVGFM
                     -3.2511598000e+02 MXFM
                      8.6069948281e-01 QRAT


Active response data for INTERFACE evaluation 8:
Active set vector = { 1 1 1 1 1 1 1 }
                      7.6711423218e+00 AVGFAO
                      1.6750575000e+02 MXFAO
                      4.7749975546e+01 AVGFLVAD
                      1.0852118000e+02 MXFLVAD
                     -5.5679076746e+01 AVGFM
                     -3.5697284000e+02 MXFM
                      8.6158448951e-01 QRAT


Active response data for INTERFACE evaluation 9:
Active set vector = { 1 1 1 1 1 1 1 }
                      7.2983103693e+00 AVGFAO
                      1.5672263000e+02 MXFAO
                      5.2160991252e+01 AVGFLVAD
                      1.1641409000e+02 MXFLVAD
                     -5.9697063578e+01 AVGFM
                     -3.6865337000e+02 MXFM
                      8.7725536341e-01 QRAT


Active response data for INTERFACE evaluation 10:
Active set vector = { 1 1 1 1 1 1 1 }
                      6.1153718622e+00 AVGFAO
                      1.3843497000e+02 MXFAO
                      4.4840717218e+01 AVGFLVAD
                      9.8827921000e+01 MXFLVAD
                     -5.1138039768e+01 AVGFM
                     -3.2400373000e+02 MXFM
                      8.7998741716e-01 QRAT


Active response data for INTERFACE evaluation 11:
Active set vector = { 1 1 1 1 1 1 1 }
                      7.6812538597e+00 AVGFAO
                      1.6466506000e+02 MXFAO
                      3.5786698529e+01 AVGFLVAD
                      9.6530758000e+01 MXFLVAD
                     -4.3764431069e+01 AVGFM
                     -3.2463100000e+02 MXFM
                      8.2328926398e-01 QRAT


Active response data for INTERFACE evaluation 12:
Active set vector = { 1 1 1 1 1 1 1 }
                      9.2802359182e+00 AVGFAO
                      1.9361926000e+02 MXFAO
                      3.3109476036e+01 AVGFLVAD
                      9.6438460000e+01 MXFLVAD
                     -4.2748234582e+01 AVGFM
                     -3.6171819000e+02 MXFM
                      7.8107339045e-01 QRAT


Active response data for INTERFACE evaluation 13:
Active set vector = { 1 1 1 1 1 1 1 }
                      6.5904624464e+00 AVGFAO
                      1.4230642000e+02 MXFAO
                      3.8091290062e+01 AVGFLVAD
                      9.2423225000e+01 MXFLVAD
                     -4.4901017109e+01 AVGFM
                     -3.0492997000e+02 MXFM
                      8.5250214961e-01 QRAT


Active response data for INTERFACE evaluation 14:
Active set vector = { 1 1 1 1 1 1 1 }
                      6.1268508636e+00 AVGFAO
                      1.3854249000e+02 MXFAO
                      3.3919173507e+01 AVGFLVAD
                      8.6136208000e+01 MXFLVAD
                     -4.0325785600e+01 AVGFM
                     -2.9868683000e+02 MXFM
                      8.4700476614e-01 QRAT


Active response data for INTERFACE evaluation 15:
Active set vector = { 1 1 1 1 1 1 1 }
                      7.6715239897e+00 AVGFAO
                      1.4996070000e+02 MXFAO
                      4.9830339866e+01 AVGFLVAD
                      1.0418863000e+02 MXFLVAD
                     -5.7706264263e+01 AVGFM
                     -3.4145002000e+02 MXFM
                      8.6658651607e-01 QRAT


Active response data for INTERFACE evaluation 16:
Active set vector = { 1 1 1 1 1 1 1 }
                      6.7151718818e+00 AVGFAO
                      1.4208837000e+02 MXFAO
                      4.5271504981e+01 AVGFLVAD
                      1.0230800000e+02 MXFLVAD
                     -5.2201480432e+01 AVGFM
                     -3.2811983000e+02 MXFM
                      8.7082898375e-01 QRAT


Active response data for INTERFACE evaluation 17:
Active set vector = { 1 1 1 1 1 1 1 }
                      7.1346750993e+00 AVGFAO
                      1.3485228000e+02 MXFAO
                      4.3470324054e+01 AVGFLVAD
                      8.8392537000e+01 MXFLVAD
                     -5.0849949285e+01 AVGFM
                     -2.9939594000e+02 MXFM
                      8.5901244504e-01 QRAT


Active response data for INTERFACE evaluation 18:
Active set vector = { 1 1 1 1 1 1 1 }
                      6.8497135375e+00 AVGFAO
                      1.5282359000e+02 MXFAO
                      5.1159741815e+01 AVGFLVAD
                      1.1231378000e+02 MXFLVAD
                     -5.8216815682e+01 AVGFM
                     -3.6290835000e+02 MXFM
                      8.8192074041e-01 QRAT


Active response data for INTERFACE evaluation 19:
Active set vector = { 1 1 1 1 1 1 1 }
                      6.9846027149e+00 AVGFAO
                      1.6465025000e+02 MXFAO
                      3.9704113446e+01 AVGFLVAD
                      1.0815107000e+02 MXFLVAD
                     -4.6995868306e+01 AVGFM
                     -3.5771283000e+02 MXFM
                      8.5040062591e-01 QRAT


Active response data for INTERFACE evaluation 20:
Active set vector = { 1 1 1 1 1 1 1 }
                      6.0130515616e+00 AVGFAO
                      1.4831891000e+02 MXFAO
                      4.9836451417e+01 AVGFLVAD
                      1.0861723000e+02 MXFLVAD
                     -5.6057720571e+01 AVGFM
                     -3.5474400000e+02 MXFM
                      8.9233473458e-01 QRAT


Active response data for INTERFACE evaluation 21:
Active set vector = { 1 1 1 1 1 1 1 }
                      7.6891394430e+00 AVGFAO
                      1.6467419000e+02 MXFAO
                      3.4675797920e+01 AVGFLVAD
                      9.6460442000e+01 MXFLVAD
                     -4.2661514462e+01 AVGFM
                     -3.2320733000e+02 MXFM
                      8.1850228227e-01 QRAT


Active response data for INTERFACE evaluation 22:
Active set vector = { 1 1 1 1 1 1 1 }
                      9.4495304636e+00 AVGFAO
                      1.9446188000e+02 MXFAO
                      3.3165357545e+01 AVGFLVAD
                      9.5914639000e+01 MXFLVAD
                     -4.2957611708e+01 AVGFM
                     -3.6173723000e+02 MXFM
                      7.7825753146e-01 QRAT


Active response data for INTERFACE evaluation 23:
Active set vector = { 1 1 1 1 1 1 1 }
                      6.5985371078e+00 AVGFAO
                      1.4237293000e+02 MXFAO
                      3.9417903220e+01 AVGFLVAD
                      9.2520135000e+01 MXFLVAD
                     -4.6230006418e+01 AVGFM
                     -3.0857012000e+02 MXFM
                      8.5660479036e-01 QRAT


Active response data for INTERFACE evaluation 24:
Active set vector = { 1 1 1 1 1 1 1 }
                      6.1095831891e+00 AVGFAO
                      1.3874373000e+02 MXFAO
                      3.2588650943e+01 AVGFLVAD
                      8.5912021000e+01 MXFLVAD
                     -3.8979357680e+01 AVGFM
                     -2.9597756000e+02 MXFM
                      8.4212242945e-01 QRAT


Active response data for INTERFACE evaluation 25:
Active set vector = { 1 1 1 1 1 1 1 }
                      7.0521067999e+00 AVGFAO
                      1.4880764000e+02 MXFAO
                      4.6464654052e+01 AVGFLVAD
                      1.0494074000e+02 MXFLVAD
                     -5.3741849276e+01 AVGFM
                     -3.3645661000e+02 MXFM
                      8.6822620264e-01 QRAT


Active response data for INTERFACE evaluation 26:
Active set vector = { 1 1 1 1 1 1 1 }
                      6.5247354056e+00 AVGFAO
                      1.4125158000e+02 MXFAO
                      4.5955600387e+01 AVGFLVAD
                      1.0305056000e+02 MXFLVAD
                     -5.2693077402e+01 AVGFM
                     -3.2945722000e+02 MXFM
                      8.7567275805e-01 QRAT


Active response data for INTERFACE evaluation 27:
Active set vector = { 1 1 1 1 1 1 1 }
                      7.2204727885e+00 AVGFAO
                      1.3454847000e+02 MXFAO
                      4.5131319855e+01 AVGFLVAD
                      8.8647912000e+01 MXFLVAD
                     -5.2587910739e+01 AVGFM
                     -3.0166572000e+02 MXFM
                      8.6207783107e-01 QRAT


Active response data for INTERFACE evaluation 28:
Active set vector = { 1 1 1 1 1 1 1 }
                      6.7586791249e+00 AVGFAO
                      1.5387732000e+02 MXFAO
                      5.0259534136e+01 AVGFLVAD
                      1.1093571000e+02 MXFLVAD
                     -5.7219027397e+01 AVGFM
                     -3.6181206000e+02 MXFM
                      8.8146455776e-01 QRAT


Active response data for INTERFACE evaluation 29:
Active set vector = { 1 1 1 1 1 1 1 }
                      7.0069329308e+00 AVGFAO
                      1.6467098000e+02 MXFAO
                      4.0882261825e+01 AVGFLVAD
                      1.0844329000e+02 MXFLVAD
                     -4.8196128847e+01 AVGFM
                     -3.6069937000e+02 MXFM
                      8.5368446961e-01 QRAT


Active response data for INTERFACE evaluation 30:
Active set vector = { 1 1 1 1 1 1 1 }
                      6.0791772449e+00 AVGFAO
                      1.4789736000e+02 MXFAO
                      5.0736469632e+01 AVGFLVAD
                      1.0879761000e+02 MXFLVAD
                     -5.7036622433e+01 AVGFM
                     -3.5671384000e+02 MXFM
                      8.9300170677e-01 QRAT


Active response data for INTERFACE evaluation 31:
Active set vector = { 1 1 1 1 1 1 1 }
                      7.6144468670e+00 AVGFAO
                      1.6338754000e+02 MXFAO
                      3.8540523153e+01 AVGFLVAD
                      9.8603711000e+01 MXFLVAD
                     -4.6448805569e+01 AVGFM
                     -3.3216785000e+02 MXFM
                      8.3502433511e-01 QRAT


Active response data for INTERFACE evaluation 32:
Active set vector = { 1 1 1 1 1 1 1 }
                      6.9380312085e+00 AVGFAO
                      1.6778691000e+02 MXFAO
                      5.1119138783e+01 AVGFLVAD
                      1.2197101000e+02 MXFLVAD
                     -5.8346918816e+01 AVGFM
                     -3.9475290000e+02 MXFM
                      8.8049656555e-01 QRAT


Active response data for INTERFACE evaluation 33:
Active set vector = { 1 1 1 1 1 1 1 }
                      6.6935466305e+00 AVGFAO
                      1.4615850000e+02 MXFAO
                      3.3921944725e+01 AVGFLVAD
                      8.7264483000e+01 MXFLVAD
                     -4.0836154876e+01 AVGFM
                     -2.9659598000e+02 MXFM
                      8.3519720168e-01 QRAT


Active response data for INTERFACE evaluation 34:
Active set vector = { 1 1 1 1 1 1 1 }
                      6.0775317692e+00 AVGFAO
                      1.3807310000e+02 MXFAO
                      3.6465958475e+01 AVGFLVAD
                      8.7636987000e+01 MXFLVAD
                     -4.2817266581e+01 AVGFM
                     -3.0168979000e+02 MXFM
                      8.5714543555e-01 QRAT


Active response data for INTERFACE evaluation 35:
Active set vector = { 1 1 1 1 1 1 1 }
                      7.1045466074e+00 AVGFAO
                      1.4784260000e+02 MXFAO
                      5.1850279568e+01 AVGFLVAD
                      1.0672443000e+02 MXFLVAD
                     -5.9157510446e+01 AVGFM
                     -3.4633538000e+02 MXFM
                      8.7949168765e-01 QRAT


Active response data for INTERFACE evaluation 36:
Active set vector = { 1 1 1 1 1 1 1 }
                      6.7239585165e+00 AVGFAO
                      1.5145926000e+02 MXFAO
                      2.9563764753e+01 AVGFLVAD
                      8.7613192000e+01 MXFLVAD
                     -3.6531772141e+01 AVGFM
                     -2.9750150000e+02 MXFM
                      8.1470431566e-01 QRAT


Active response data for INTERFACE evaluation 37:
Active set vector = { 1 1 1 1 1 1 1 }
                      7.3150911094e+00 AVGFAO
                      1.3613265000e+02 MXFAO
                      4.1243683112e+01 AVGFLVAD
                      8.6541249000e+01 MXFLVAD
                     -4.8812171945e+01 AVGFM
                     -2.9408678000e+02 MXFM
                      8.4935593563e-01 QRAT


Active response data for INTERFACE evaluation 38:
Active set vector = { 1 1 1 1 1 1 1 }
                      6.9290806202e+00 AVGFAO
                      1.5586678000e+02 MXFAO
                      4.5413342299e+01 AVGFLVAD
                      1.0711537000e+02 MXFLVAD
                     -5.2556025110e+01 AVGFM
                     -3.5195504000e+02 MXFM
                      8.6762017817e-01 QRAT


Active response data for INTERFACE evaluation 39:
Active set vector = { 1 1 1 1 1 1 1 }
                      6.9191736730e+00 AVGFAO
                      1.6019352000e+02 MXFAO
                      4.8388182711e+01 AVGFLVAD
                      1.1524711000e+02 MXFLVAD
                     -5.5598301659e+01 AVGFM
                     -3.7368413000e+02 MXFM
                      8.7489596095e-01 QRAT


Active response data for INTERFACE evaluation 40:
Active set vector = { 1 1 1 1 1 1 1 }
                      6.0948649289e+00 AVGFAO
                      1.5011353000e+02 MXFAO
                      4.3058106100e+01 AVGFLVAD
                      1.0399280000e+02 MXFLVAD
                     -4.9392817574e+01 AVGFM
                     -3.4133273000e+02 MXFM
                      8.7600210524e-01 QRAT


Active response data for INTERFACE evaluation 41:
Active set vector = { 1 1 1 1 1 1 1 }
                      7.1963974133e+00 AVGFAO
                      1.6323826000e+02 MXFAO
                      3.4456993666e+01 AVGFLVAD
                      1.0126199000e+02 MXFLVAD
                     -4.1945329207e+01 AVGFM
                     -3.4023524000e+02 MXFM
                      8.2723141557e-01 QRAT


Active response data for INTERFACE evaluation 42:
Active set vector = { 1 1 1 1 1 1 1 }
                      7.7680650693e+00 AVGFAO
                      1.7398815000e+02 MXFAO
                      3.5337763628e+01 AVGFLVAD
                      1.0361421000e+02 MXFLVAD
                     -4.3394034916e+01 AVGFM
                     -3.4670283000e+02 MXFM
                      8.1979084258e-01 QRAT


Active response data for INTERFACE evaluation 43:
Active set vector = { 1 1 1 1 1 1 1 }
                      6.2630787434e+00 AVGFAO
                      1.4373958000e+02 MXFAO
                      3.7159036258e+01 AVGFLVAD
                      9.2709446000e+01 MXFLVAD
                     -4.3648731085e+01 AVGFM
                     -3.0570197000e+02 MXFM
                      8.5576292764e-01 QRAT


Active response data for INTERFACE evaluation 44:
Active set vector = { 1 1 1 1 1 1 1 }
                      6.2434852173e+00 AVGFAO
                      1.4042720000e+02 MXFAO
                      3.3912695747e+01 AVGFLVAD
                      8.5398905000e+01 MXFLVAD
                     -4.0404308115e+01 AVGFM
                     -2.9865651000e+02 MXFM
                      8.4451994519e-01 QRAT


Active response data for INTERFACE evaluation 45:
Active set vector = { 1 1 1 1 1 1 1 }
                      6.6409909307e+00 AVGFAO
                      1.6216623000e+02 MXFAO
                      4.4778347114e+01 AVGFLVAD
                      1.0300492000e+02 MXFLVAD
                     -5.1635407610e+01 AVGFM
                     -3.5411048000e+02 MXFM
                      8.7084643282e-01 QRAT


Active response data for INTERFACE evaluation 46:
Active set vector = { 1 1 1 1 1 1 1 }
                      7.0727576525e+00 AVGFAO
                      1.4220359000e+02 MXFAO
                      4.6993934015e+01 AVGFLVAD
                      9.7699877000e+01 MXFLVAD
                     -5.4253432006e+01 AVGFM
                     -3.2049135000e+02 MXFM
                      8.6918456753e-01 QRAT


Active response data for INTERFACE evaluation 47:
Active set vector = { 1 1 1 1 1 1 1 }
                      5.9525881630e+00 AVGFAO
                      1.3985960000e+02 MXFAO
                      3.9720982208e+01 AVGFLVAD
                      9.3213963000e+01 MXFLVAD
                     -4.5837981648e+01 AVGFM
                     -3.1303887000e+02 MXFM
                      8.6967105670e-01 QRAT


Active response data for INTERFACE evaluation 48:
Active set vector = { 1 1 1 1 1 1 1 }
                      8.0728386249e+00 AVGFAO
                      1.5206959000e+02 MXFAO
                      5.4850759256e+01 AVGFLVAD
                      1.0419724000e+02 MXFLVAD
                     -6.3124597115e+01 AVGFM
                     -3.5015495000e+02 MXFM
                      8.7170411584e-01 QRAT


Active response data for INTERFACE evaluation 49:
Active set vector = { 1 1 1 1 1 1 1 }
                      7.1134116627e+00 AVGFAO
                      1.6305514000e+02 MXFAO
                      4.0893909269e+01 AVGFLVAD
                      1.0621380000e+02 MXFLVAD
                     -4.8270223699e+01 AVGFM
                     -3.4613385000e+02 MXFM
                      8.5182652303e-01 QRAT


Active response data for INTERFACE evaluation 50:
Active set vector = { 1 1 1 1 1 1 1 }
                      6.1885443601e+00 AVGFAO
                      1.4345543000e+02 MXFAO
                      5.1557553742e+01 AVGFLVAD
                      1.0904151000e+02 MXFLVAD
                     -5.7939999008e+01 AVGFM
                     -3.5144557000e+02 MXFM
                      8.9283181785e-01 QRAT


Active response data for INTERFACE evaluation 51:
Active set vector = { 1 1 1 1 1 1 1 }
                      7.7328769100e+00 AVGFAO
                      1.6594295000e+02 MXFAO
                      3.5895545399e+01 AVGFLVAD
                      9.7296526000e+01 MXFLVAD
                     -4.3933122896e+01 AVGFM
                     -3.2685813000e+02 MXFM
                      8.2275598106e-01 QRAT


Active response data for INTERFACE evaluation 52:
Active set vector = { 1 1 1 1 1 1 1 }
                      6.1337274121e+00 AVGFAO
                      1.4261323000e+02 MXFAO
                      3.1241010541e+01 AVGFLVAD
                      8.4718521000e+01 MXFLVAD
                     -3.7620404345e+01 AVGFM
                     -2.9547569000e+02 MXFM
                      8.3588574133e-01 QRAT


Active response data for INTERFACE evaluation 53:
Active set vector = { 1 1 1 1 1 1 1 }
                      6.7395772035e+00 AVGFAO
                      1.5351265000e+02 MXFAO
                      3.8347620998e+01 AVGFLVAD
                      9.8515170000e+01 MXFLVAD
                     -4.5338869719e+01 AVGFM
                     -3.2287495000e+02 MXFM
                      8.5052126829e-01 QRAT


Active response data for INTERFACE evaluation 54:
Active set vector = { 1 1 1 1 1 1 1 }
                      6.7517044518e+00 AVGFAO
                      1.5577435000e+02 MXFAO
                      3.4730703726e+01 AVGFLVAD
                      9.4849147000e+01 MXFLVAD
                     -4.1817155535e+01 AVGFM
                     -3.2652749000e+02 MXFM
                      8.3723933233e-01 QRAT


Active response data for INTERFACE evaluation 55:
Active set vector = { 1 1 1 1 1 1 1 }
                      7.4285964806e+00 AVGFAO
                      1.5126519000e+02 MXFAO
                      4.9700932041e+01 AVGFLVAD
                      1.0614553000e+02 MXFLVAD
                     -5.7346507807e+01 AVGFM
                     -3.4468548000e+02 MXFM
                      8.6996923180e-01 QRAT


Active response data for INTERFACE evaluation 56:
Active set vector = { 1 1 1 1 1 1 1 }
                      6.3456371336e+00 AVGFAO
                      1.3720485000e+02 MXFAO
                      4.4959005569e+01 AVGFLVAD
                      1.0002442000e+02 MXFLVAD
                     -5.1510254949e+01 AVGFM
                     -3.2002011000e+02 MXFM
                      8.7631456337e-01 QRAT


Active response data for INTERFACE evaluation 57:
Active set vector = { 1 1 1 1 1 1 1 }
                      7.5781466134e+00 AVGFAO
                      1.4331106000e+02 MXFAO
                      4.4186567161e+01 AVGFLVAD
                      9.2847358000e+01 MXFLVAD
                     -5.2029710997e+01 AVGFM
                     -3.1208154000e+02 MXFM
                      8.5360400820e-01 QRAT


Active response data for INTERFACE evaluation 58:
Active set vector = { 1 1 1 1 1 1 1 }
                      7.2697548796e+00 AVGFAO
                      1.6539344000e+02 MXFAO
                      5.1870329493e+01 AVGFLVAD
                      1.1929345000e+02 MXFLVAD
                     -5.9374656680e+01 AVGFM
                     -3.8352574000e+02 MXFM
                      8.7707567622e-01 QRAT


Active response data for INTERFACE evaluation 59:
Active set vector = { 1 1 1 1 1 1 1 }
                      6.9988625368e+00 AVGFAO
                      1.6479025000e+02 MXFAO
                      3.9719052670e+01 AVGFLVAD
                      1.0816802000e+02 MXFLVAD
                     -4.7034403973e+01 AVGFM
                     -3.5806032000e+02 MXFM
                      8.5018889422e-01 QRAT


Active response data for INTERFACE evaluation 60:
Active set vector = { 1 1 1 1 1 1 1 }
                      5.8557352989e+00 AVGFAO
                      1.3917684000e+02 MXFAO
                      4.9620221176e+01 AVGFLVAD
                      1.0386160000e+02 MXFLVAD
                     -5.5664470165e+01 AVGFM
                     -3.4034821000e+02 MXFM
                      8.9444552792e-01 QRAT

<<<<< Function evaluation summary (INTERFACE): 60 total (60 new, 0 duplicate)

Global sensitivity indices for each response function:
AVGFAO Sobol' indices:
                                  Main             Total
                     -7.2035710953e-02  4.6408685613e-02 PUMPB
                      9.3932276889e-02  5.8064605341e-01 PUMPC
                      3.4256375720e-01  6.6943503563e-01 HR
                      2.1159847304e-01  1.0782558802e+00 EF
MXFAO Sobol' indices:
                                  Main             Total
                     -3.8963308316e-03  9.9298023785e-04 PUMPB
                      2.5510830832e-01  1.9315451235e-01 PUMPC
                      3.3088728818e-01  1.4156116853e-01 HR
                      8.2410928541e-01  8.0201630710e-01 EF
AVGFLVAD Sobol' indices:
                                  Main             Total
                     -7.7750104992e-03  2.3591430508e-02 PUMPB
                      8.9021846372e-01  8.0919993064e-01 PUMPC
                      1.2598268493e-01  7.1998860507e-02 HR
                     -5.1640535370e-02  5.7118887194e-03 EF
MXFLVAD Sobol' indices:
                                  Main             Total
                     -2.4481016774e-02  2.4792604417e-03 PUMPB
                      4.3951031621e-01  7.0744638325e-01 PUMPC
                     -5.8505671858e-02  1.3326917745e-01 HR
                      6.2896573983e-02  2.4607971863e-01 EF
AVGFM Sobol' indices:
                                  Main             Total
                     -1.0767362859e-02  2.9759043024e-02 PUMPB
                      8.5464273385e-01  7.3873461369e-01 PUMPC
                      1.2222249821e-01  1.1016640411e-01 HR
                     -1.3356603975e-01  3.5251225420e-02 EF
MXFM Sobol' indices:
                                  Main             Total
                     -3.5225591104e-02  6.0233678469e-03 PUMPB
                      3.0896797570e-01  2.4368332549e-01 PUMPC
                      4.3550958871e-02  1.0392392233e-01 HR
                      2.9355679957e-01  5.5926076520e-01 EF
QRAT Sobol' indices:
                                  Main             Total
                     -1.1288241492e-02  8.5429627137e-03 PUMPB
                      8.0564232367e-01  1.0746398641e+00 PUMPC
                      1.9793969324e-01  1.2778757218e-01 HR
                      2.7516185393e-01  2.3089837813e-01 EF
numFunctions 7
numSamples 10

percent_variance_explained 9.5000000000e-01
number of significant principal components 2

